<?xml version="1.0" encoding="UTF-8"?>
<!-- Generated by org.testng.reporters.JUnitReportReporter -->
<testsuite hostname="LAPTOP-03NGPKIU" failures="0" tests="1" name="testCases.BasicTest" time="3.284" errors="0" timestamp="2022-06-17T04:52:56 EDT" skipped="0">
  <testcase classname="testCases.BasicTest" name="signin" time="3.284"/>
  <system-out/>
</testsuite> <!-- testCases.BasicTest -->
