<?xml version="1.0" encoding="UTF-8"?>
<!-- Generated by org.testng.reporters.JUnitReportReporter -->
<testsuite hostname="LAPTOP-03NGPKIU" failures="0" tests="4" name="testCases.GraphTest" time="21.728" errors="0" timestamp="2022-06-27T16:19:45 EDT" skipped="0">
  <testcase classname="testCases.GraphTest" name="graphPageURL" time="4.474"/>
  <system-out/>
  <testcase classname="testCases.GraphTest" name="TryHereGraphOngraphPageURL" time="6.862"/>
  <system-out/>
  <testcase classname="testCases.GraphTest" name="TryHereGraphrepresenationOngraphPageURL" time="5.874"/>
  <system-out/>
  <testcase classname="testCases.GraphTest" name="GraphRepreOngraphPageURL" time="4.518"/>
  <system-out/>
</testsuite> <!-- testCases.GraphTest -->
