<?xml version="1.0" encoding="UTF-8"?>
<!-- Generated by org.testng.reporters.JUnitReportReporter -->
<testsuite hostname="LAPTOP-03NGPKIU" failures="0" tests="5" name="testCases.StackPageTest" time="33.116" errors="0" timestamp="2022-06-27T16:19:45 EDT" skipped="0">
  <testcase classname="testCases.StackPageTest" name="stackPageURL" time="4.147"/>
  <system-out/>
  <testcase classname="testCases.StackPageTest" name="operationInStackPage" time="7.481"/>
  <system-out/>
  <testcase classname="testCases.StackPageTest" name="operationInStackPage" time="7.744"/>
  <system-out/>
  <testcase classname="testCases.StackPageTest" name="implementationInStackPage" time="6.125"/>
  <system-out/>
  <testcase classname="testCases.StackPageTest" name="ApplicationsInStackPage" time="7.619"/>
  <system-out/>
</testsuite> <!-- testCases.StackPageTest -->
