<?xml version="1.0" encoding="UTF-8"?>
<!-- Generated by org.testng.reporters.JUnitReportReporter -->
<testsuite hostname="LAPTOP-03NGPKIU" failures="0" tests="6" name="testCases.QueuePageTest" time="39.607" errors="0" timestamp="2022-06-27T16:19:45 EDT" skipped="0">
  <testcase classname="testCases.QueuePageTest" name="QueuePageURL" time="4.146"/>
  <system-out/>
  <testcase classname="testCases.QueuePageTest" name="ImplementationOfQueueinPython" time="8.378"/>
  <system-out/>
  <testcase classname="testCases.QueuePageTest" name="ImplementationOfQueueinPython" time="6.966"/>
  <system-out/>
  <testcase classname="testCases.QueuePageTest" name="ImplementationUsingCollectionsDeque" time="5.955"/>
  <system-out/>
  <testcase classname="testCases.QueuePageTest" name="ImplementationUsingArray" time="7.412"/>
  <system-out/>
  <testcase classname="testCases.QueuePageTest" name="QueueOperation" time="6.750"/>
  <system-out/>
</testsuite> <!-- testCases.QueuePageTest -->
