<?xml version="1.0" encoding="UTF-8"?>
<!-- Generated by org.testng.reporters.JUnitReportReporter -->
<testsuite hostname="LAPTOP-03NGPKIU" failures="0" tests="2" name="testCases.ArrayTest" time="11.354" errors="0" timestamp="2022-06-27T16:19:45 EDT" skipped="0">
  <testcase classname="testCases.ArrayTest" name="ArrayPage" time="4.046"/>
  <system-out/>
  <testcase classname="testCases.ArrayTest" name="arraypython" time="7.308"/>
  <system-out/>
</testsuite> <!-- testCases.ArrayTest -->
