<?xml version="1.0" encoding="UTF-8"?>
<!-- Generated by org.testng.reporters.JUnitReportReporter -->
<testsuite hostname="LAPTOP-03NGPKIU" failures="0" tests="1" name="testCases.DataStructTest" time="5.220" errors="0" timestamp="2022-06-27T16:19:46 EDT" skipped="0">
  <testcase classname="testCases.DataStructTest" name="clciktimecomplex" time="5.220"/>
  <system-out/>
</testsuite> <!-- testCases.DataStructTest -->
