<?xml version="1.0" encoding="UTF-8"?>
<!-- Generated by org.testng.reporters.JUnitReportReporter -->
<testsuite hostname="LAPTOP-03NGPKIU" failures="0" tests="8" name="testCases.TreeTest" time="11.604" errors="0" timestamp="2022-06-27T16:19:46 EDT" skipped="0">
  <testcase classname="testCases.TreeTest" name="ovrvwOfTreesPage" time="1.170"/>
  <system-out/>
  <testcase classname="testCases.TreeTest" name="terminologiesPage" time="2.279"/>
  <system-out/>
  <testcase classname="testCases.TreeTest" name="terminologiesPage" time="1.918"/>
  <system-out/>
  <testcase classname="testCases.TreeTest" name="typesOfTreesPage" time="1.060"/>
  <system-out/>
  <testcase classname="testCases.TreeTest" name="treeTraversalsPage" time="1.246"/>
  <system-out/>
  <testcase classname="testCases.TreeTest" name="travIllustartionPage" time="0.893"/>
  <system-out/>
  <testcase classname="testCases.TreeTest" name="binaryTreesPage" time="2.339"/>
  <system-out/>
  <testcase classname="testCases.TreeTest" name="pracQuestionsPage" time="0.699"/>
  <system-out/>
</testsuite> <!-- testCases.TreeTest -->
