<?xml version="1.0" encoding="UTF-8"?>
<!-- Generated by org.testng.reporters.JUnitReportReporter -->
<testsuite hostname="LAPTOP-03NGPKIU" failures="0" tests="9" name="testCases.LinkedListTest" time="70.821" errors="0" timestamp="2022-06-27T16:19:45 EDT" skipped="0">
  <testcase classname="testCases.LinkedListTest" name="introductionpage" time="7.590"/>
  <system-out/>
  <testcase classname="testCases.LinkedListTest" name="creatingLlistpage" time="8.125"/>
  <system-out/>
  <testcase classname="testCases.LinkedListTest" name="creatingLlistpage" time="7.092"/>
  <system-out/>
  <testcase classname="testCases.LinkedListTest" name="typesOfLlistPage" time="6.681"/>
  <system-out/>
  <testcase classname="testCases.LinkedListTest" name="implLlistInPyPage" time="7.612"/>
  <system-out/>
  <testcase classname="testCases.LinkedListTest" name="traversalPage" time="6.572"/>
  <system-out/>
  <testcase classname="testCases.LinkedListTest" name="insertionPage" time="10.015"/>
  <system-out/>
  <testcase classname="testCases.LinkedListTest" name="deletionPage" time="12.356"/>
  <system-out/>
  <testcase classname="testCases.LinkedListTest" name="pracQuestionsPage" time="4.778"/>
  <system-out/>
</testsuite> <!-- testCases.LinkedListTest -->
