<?xml version="1.0" encoding="UTF-8"?>
<!-- Generated by org.testng.reporters.JUnitReportReporter -->
<testsuite hostname="LAPTOP-03NGPKIU" failures="0" tests="8" name="testCases.TreeTest" time="10.938" errors="0" timestamp="2022-06-27T15:49:52 EDT" skipped="0">
  <testcase classname="testCases.TreeTest" name="ovrvwOfTreesPage" time="1.186"/>
  <system-out/>
  <testcase classname="testCases.TreeTest" name="terminologiesPage" time="2.175"/>
  <system-out/>
  <testcase classname="testCases.TreeTest" name="terminologiesPage" time="2.049"/>
  <system-out/>
  <testcase classname="testCases.TreeTest" name="typesOfTreesPage" time="1.208"/>
  <system-out/>
  <testcase classname="testCases.TreeTest" name="treeTraversalsPage" time="0.805"/>
  <system-out/>
  <testcase classname="testCases.TreeTest" name="travIllustartionPage" time="0.816"/>
  <system-out/>
  <testcase classname="testCases.TreeTest" name="binaryTreesPage" time="2.059"/>
  <system-out/>
  <testcase classname="testCases.TreeTest" name="pracQuestionsPage" time="0.640"/>
  <system-out/>
</testsuite> <!-- testCases.TreeTest -->
