<?xml version="1.0" encoding="UTF-8"?>
<!-- Generated by org.testng.reporters.JUnitReportReporter -->
<testsuite hostname="LAPTOP-03NGPKIU" failures="0" tests="2" name="testCases.ArrayTest" time="10.738" errors="0" timestamp="2022-06-27T15:49:52 EDT" skipped="0">
  <testcase classname="testCases.ArrayTest" name="arraypython" time="6.776"/>
  <system-out/>
  <testcase classname="testCases.ArrayTest" name="ArrayPage" time="3.962"/>
  <system-out/>
</testsuite> <!-- testCases.ArrayTest -->
