<?xml version="1.0" encoding="UTF-8"?>
<!-- Generated by org.testng.reporters.JUnitReportReporter -->
<testsuite hostname="LAPTOP-03NGPKIU" failures="0" tests="1" name="testCases.GetStartedTest" time="3.531" errors="0" timestamp="2022-06-27T15:49:52 EDT" skipped="0">
  <testcase classname="testCases.GetStartedTest" name="getSarted" time="3.531"/>
  <system-out/>
</testsuite> <!-- testCases.GetStartedTest -->
