<?xml version="1.0" encoding="UTF-8"?>
<!-- Generated by org.testng.reporters.JUnitReportReporter -->
<testsuite hostname="LAPTOP-03NGPKIU" failures="0" tests="9" name="testCases.LinkedListTest" time="57.690" errors="0" timestamp="2022-06-27T15:49:52 EDT" skipped="0">
  <testcase classname="testCases.LinkedListTest" name="introductionpage" time="8.367"/>
  <system-out/>
  <testcase classname="testCases.LinkedListTest" name="creatingLlistpage" time="5.496"/>
  <system-out/>
  <testcase classname="testCases.LinkedListTest" name="creatingLlistpage" time="7.001"/>
  <system-out/>
  <testcase classname="testCases.LinkedListTest" name="typesOfLlistPage" time="6.560"/>
  <system-out/>
  <testcase classname="testCases.LinkedListTest" name="implLlistInPyPage" time="6.180"/>
  <system-out/>
  <testcase classname="testCases.LinkedListTest" name="traversalPage" time="5.883"/>
  <system-out/>
  <testcase classname="testCases.LinkedListTest" name="insertionPage" time="6.480"/>
  <system-out/>
  <testcase classname="testCases.LinkedListTest" name="deletionPage" time="6.896"/>
  <system-out/>
  <testcase classname="testCases.LinkedListTest" name="pracQuestionsPage" time="4.827"/>
  <system-out/>
</testsuite> <!-- testCases.LinkedListTest -->
