<?xml version="1.0" encoding="UTF-8"?>
<!-- Generated by org.testng.reporters.JUnitReportReporter -->
<testsuite hostname="LAPTOP-03NGPKIU" failures="0" tests="5" name="testCases.StackPageTest" time="26.512" errors="0" timestamp="2022-06-27T15:49:52 EDT" skipped="0">
  <testcase classname="testCases.StackPageTest" name="stackPageURL" time="3.881"/>
  <system-out/>
  <testcase classname="testCases.StackPageTest" name="operationInStackPage" time="5.721"/>
  <system-out/>
  <testcase classname="testCases.StackPageTest" name="operationInStackPage" time="5.627"/>
  <system-out/>
  <testcase classname="testCases.StackPageTest" name="implementationInStackPage" time="5.634"/>
  <system-out/>
  <testcase classname="testCases.StackPageTest" name="ApplicationsInStackPage" time="5.649"/>
  <system-out/>
</testsuite> <!-- testCases.StackPageTest -->
