<?xml version="1.0" encoding="UTF-8"?>
<!-- Generated by org.testng.reporters.JUnitReportReporter -->
<testsuite hostname="LAPTOP-03NGPKIU" failures="0" tests="4" name="testCases.GraphTest" time="21.084" errors="0" timestamp="2022-06-27T15:49:52 EDT" skipped="0">
  <testcase classname="testCases.GraphTest" name="graphPageURL" time="3.739"/>
  <system-out/>
  <testcase classname="testCases.GraphTest" name="TryHereGraphOngraphPageURL" time="7.284"/>
  <system-out/>
  <testcase classname="testCases.GraphTest" name="TryHereGraphrepresenationOngraphPageURL" time="5.788"/>
  <system-out/>
  <testcase classname="testCases.GraphTest" name="GraphRepreOngraphPageURL" time="4.273"/>
  <system-out/>
</testsuite> <!-- testCases.GraphTest -->
