<?xml version="1.0" encoding="UTF-8"?>
<!-- Generated by org.testng.reporters.JUnitReportReporter -->
<testsuite hostname="LAPTOP-03NGPKIU" failures="0" tests="6" name="testCases.QueuePageTest" time="34.258" errors="0" timestamp="2022-06-27T15:49:52 EDT" skipped="0">
  <testcase classname="testCases.QueuePageTest" name="QueuePageURL" time="4.137"/>
  <system-out/>
  <testcase classname="testCases.QueuePageTest" name="ImplementationOfQueueinPython" time="5.969"/>
  <system-out/>
  <testcase classname="testCases.QueuePageTest" name="ImplementationOfQueueinPython" time="5.762"/>
  <system-out/>
  <testcase classname="testCases.QueuePageTest" name="ImplementationUsingCollectionsDeque" time="6.116"/>
  <system-out/>
  <testcase classname="testCases.QueuePageTest" name="ImplementationUsingArray" time="6.124"/>
  <system-out/>
  <testcase classname="testCases.QueuePageTest" name="QueueOperation" time="6.150"/>
  <system-out/>
</testsuite> <!-- testCases.QueuePageTest -->
